<?xml version="1.0" encoding="UTF-8"?>
<testsuite xmlns:xsi="http://www.w3.org/2001/XMLSchema-instance" xsi:noNamespaceSchemaLocation="https://maven.apache.org/surefire/maven-surefire-plugin/xsd/surefire-test-report-3.0.xsd" version="3.0" name="student.BinarySearchTreeTest" time="0.183" tests="32" errors="0" skipped="0" failures="0">
  <properties>
    <property name="java.specification.version" value="22"/>
    <property name="sun.cpu.isalist" value="amd64"/>
    <property name="sun.jnu.encoding" value="Cp1252"/>
    <property name="java.class.path" value="X:\CSC151\Projects\05\project05_we_the_people\target\test-classes;X:\CSC151\Projects\05\project05_we_the_people\target\classes;C:\Users\muham\.m2\repository\org\junit\jupiter\junit-jupiter-api\5.10.0\junit-jupiter-api-5.10.0.jar;C:\Users\muham\.m2\repository\org\opentest4j\opentest4j\1.3.0\opentest4j-1.3.0.jar;C:\Users\muham\.m2\repository\org\junit\platform\junit-platform-commons\1.10.0\junit-platform-commons-1.10.0.jar;C:\Users\muham\.m2\repository\org\apiguardian\apiguardian-api\1.1.2\apiguardian-api-1.1.2.jar;C:\Users\muham\.m2\repository\org\junit\jupiter\junit-jupiter-engine\5.10.0\junit-jupiter-engine-5.10.0.jar;C:\Users\muham\.m2\repository\org\junit\platform\junit-platform-engine\1.10.0\junit-platform-engine-1.10.0.jar;"/>
    <property name="java.vm.vendor" value="Oracle Corporation"/>
    <property name="sun.arch.data.model" value="64"/>
    <property name="user.variant" value=""/>
    <property name="java.vendor.url" value="https://java.oracle.com/"/>
    <property name="user.timezone" value="America/New_York"/>
    <property name="os.name" value="Windows 11"/>
    <property name="java.vm.specification.version" value="22"/>
    <property name="sun.java.launcher" value="SUN_STANDARD"/>
    <property name="user.country" value="US"/>
    <property name="sun.boot.library.path" value="C:\Program Files\Java\jdk-22\bin"/>
    <property name="sun.java.command" value="C:\Users\muham\AppData\Local\Temp\surefire3614763929047967640\surefirebooter3447689752039398991.jar C:\Users\muham\AppData\Local\Temp\surefire3614763929047967640 2024-11-11T09-25-59_612-jvmRun1 surefire4122043398033475600tmp surefire_010784562459040486395tmp"/>
    <property name="jdk.debug" value="release"/>
    <property name="surefire.test.class.path" value="X:\CSC151\Projects\05\project05_we_the_people\target\test-classes;X:\CSC151\Projects\05\project05_we_the_people\target\classes;C:\Users\muham\.m2\repository\org\junit\jupiter\junit-jupiter-api\5.10.0\junit-jupiter-api-5.10.0.jar;C:\Users\muham\.m2\repository\org\opentest4j\opentest4j\1.3.0\opentest4j-1.3.0.jar;C:\Users\muham\.m2\repository\org\junit\platform\junit-platform-commons\1.10.0\junit-platform-commons-1.10.0.jar;C:\Users\muham\.m2\repository\org\apiguardian\apiguardian-api\1.1.2\apiguardian-api-1.1.2.jar;C:\Users\muham\.m2\repository\org\junit\jupiter\junit-jupiter-engine\5.10.0\junit-jupiter-engine-5.10.0.jar;C:\Users\muham\.m2\repository\org\junit\platform\junit-platform-engine\1.10.0\junit-platform-engine-1.10.0.jar;"/>
    <property name="sun.cpu.endian" value="little"/>
    <property name="user.home" value="C:\Users\muham"/>
    <property name="user.language" value="en"/>
    <property name="java.specification.vendor" value="Oracle Corporation"/>
    <property name="java.version.date" value="2024-07-16"/>
    <property name="java.home" value="C:\Program Files\Java\jdk-22"/>
    <property name="file.separator" value="\"/>
    <property name="basedir" value="X:\CSC151\Projects\05\project05_we_the_people"/>
    <property name="java.vm.compressedOopsMode" value="Zero based"/>
    <property name="line.separator" value="&#10;"/>
    <property name="java.vm.specification.vendor" value="Oracle Corporation"/>
    <property name="java.specification.name" value="Java Platform API Specification"/>
    <property name="surefire.real.class.path" value="C:\Users\muham\AppData\Local\Temp\surefire3614763929047967640\surefirebooter3447689752039398991.jar"/>
    <property name="user.script" value=""/>
    <property name="sun.management.compiler" value="HotSpot 64-Bit Tiered Compilers"/>
    <property name="java.runtime.version" value="22.0.2+9-70"/>
    <property name="user.name" value="muham"/>
    <property name="stdout.encoding" value="Cp1252"/>
    <property name="path.separator" value=";"/>
    <property name="os.version" value="10.0"/>
    <property name="java.runtime.name" value="Java(TM) SE Runtime Environment"/>
    <property name="file.encoding" value="UTF-8"/>
    <property name="java.vm.name" value="Java HotSpot(TM) 64-Bit Server VM"/>
    <property name="localRepository" value="C:\Users\muham\.m2\repository"/>
    <property name="java.vendor.url.bug" value="https://bugreport.java.com/bugreport/"/>
    <property name="java.io.tmpdir" value="C:\Users\muham\AppData\Local\Temp\"/>
    <property name="java.version" value="22.0.2"/>
    <property name="user.dir" value="X:\CSC151\Projects\05\project05_we_the_people"/>
    <property name="os.arch" value="amd64"/>
    <property name="java.vm.specification.name" value="Java Virtual Machine Specification"/>
    <property name="sun.os.patch.level" value=""/>
    <property name="native.encoding" value="Cp1252"/>
    <property name="java.library.path" value="C:\Program Files\Java\jdk-22\bin;C:\Windows\Sun\Java\bin;C:\Windows\system32;C:\Windows;C:\Program Files (x86)\Microsoft SDKs\Azure\CLI2\wbin;C:\Program Files\Common Files\Oracle\Java\javapath;C:\Program Files (x86)\Common Files\Oracle\Java\java8path;C:\Program Files (x86)\Common Files\Oracle\Java\javapath;C:\Windows\system32;C:\Windows;C:\Windows\System32\Wbem;C:\Windows\System32\WindowsPowerShell\v1.0\;C:\Windows\System32\OpenSSH\;C:\Program Files\nodejs\;C:\Program Files\Git\cmd;C:\Program Files\Docker\Docker\resources\bin;C:\Program Files\Amazon\AWSSAMCLI\bin\;C:\ProgramData\chocolatey\bin;C:\Program Files\dotnet\;C:\Program Files\Amazon\AWSCLIV2\;C:\Program Files (x86)\Google\Cloud SDK\google-cloud-sdk\bin;C:\Users\muham\apache-maven-3.9.9\bin;C:\Program Files\Java\jdk-22\bin;C:\Users\muham\AppData\Local\Programs\Python\Python311\Scripts\;C:\Users\muham\AppData\Local\Programs\Python\Python311\;C:\Users\muham\AppData\Local\Microsoft\WindowsApps;C:\Users\muham\AppData\Roaming\npm;C:\Users\muham\AppData\Local\Programs\Microsoft VS Code\bin;C:\Users\muham\.dotnet\tools;C:\tools\dart-sdk\bin;C:\Users\muham\AppData\Local\Pub\Cache\bin;C:\Users\muham\apache-maven-3.9.9\bin;;C:\Program Files\JetBrains\IntelliJ IDEA 2024.2.3\bin;;C:\Program Files\JetBrains\IntelliJ IDEA Community Edition 2024.2.3\bin;;."/>
    <property name="java.vm.info" value="mixed mode, sharing"/>
    <property name="stderr.encoding" value="Cp1252"/>
    <property name="java.vendor" value="Oracle Corporation"/>
    <property name="java.vm.version" value="22.0.2+9-70"/>
    <property name="sun.io.unicode.encoding" value="UnicodeLittle"/>
    <property name="java.class.version" value="66.0"/>
  </properties>
  <testcase name="testDeleteNodeWithRightChildOnly" classname="student.BinarySearchTreeTest" time="0.073"/>
  <testcase name="testInsertDuplicatesWithIndexEntry" classname="student.BinarySearchTreeTest" time="0.002"/>
  <testcase name="testSearchNull" classname="student.BinarySearchTreeTest" time="0.004"/>
  <testcase name="testInOrderTraversalEmptyTree" classname="student.BinarySearchTreeTest" time="0.004"/>
  <testcase name="testDeleteFromEmptyTree" classname="student.BinarySearchTreeTest" time="0"/>
  <testcase name="testDeleteNodeWithLeftChildOnlyWithIndexEntry" classname="student.BinarySearchTreeTest" time="0.001"/>
  <testcase name="testHasRightChildOnlyFalse" classname="student.BinarySearchTreeTest" time="0.001"/>
  <testcase name="testDeleteNodeWithTwoChildrenWithIndexEntry" classname="student.BinarySearchTreeTest" time="0.001"/>
  <testcase name="testFindNonExistingElementReturnsNull" classname="student.BinarySearchTreeTest" time="0.002"/>
  <testcase name="testDeleteNonExistingElement" classname="student.BinarySearchTreeTest" time="0.001"/>
  <testcase name="testDeleteWithString" classname="student.BinarySearchTreeTest" time="0"/>
  <testcase name="testFindNonExistingElement" classname="student.BinarySearchTreeTest" time="0"/>
  <testcase name="testFindNull" classname="student.BinarySearchTreeTest" time="0.001"/>
  <testcase name="testDeleteNodeWithRightChildOnlyWithIndexEntry" classname="student.BinarySearchTreeTest" time="0"/>
  <testcase name="testInsertNull" classname="student.BinarySearchTreeTest" time="0.001"/>
  <testcase name="testDeleteRootNodeWithTwoChildren" classname="student.BinarySearchTreeTest" time="0.001"/>
  <testcase name="testToStringEmptyTree" classname="student.BinarySearchTreeTest" time="0"/>
  <testcase name="testHasRightChildOnlyTrue" classname="student.BinarySearchTreeTest" time="0"/>
  <testcase name="testInOrderTraversal" classname="student.BinarySearchTreeTest" time="0.001"/>
  <testcase name="testToStringComplexTree" classname="student.BinarySearchTreeTest" time="0.007"/>
  <testcase name="testDeleteRootNode" classname="student.BinarySearchTreeTest" time="0.001"/>
  <testcase name="testDeleteLeafNodeWithIndexEntry" classname="student.BinarySearchTreeTest" time="0.001"/>
  <testcase name="testFindWithIndexEntry" classname="student.BinarySearchTreeTest" time="0.002"/>
  <testcase name="testDeleteNull" classname="student.BinarySearchTreeTest" time="0.002"/>
  <testcase name="testInsertAndSearchWithString" classname="student.BinarySearchTreeTest" time="0.001"/>
  <testcase name="testBSTNodeToString" classname="student.BinarySearchTreeTest" time="0.001"/>
  <testcase name="testFindComparisonLessThanZero" classname="student.BinarySearchTreeTest" time="0.001"/>
  <testcase name="testDeleteNodeWithTwoChildrenDeepTree" classname="student.BinarySearchTreeTest" time="0.001"/>
  <testcase name="testInsertAndSearchWithIndexEntry" classname="student.BinarySearchTreeTest" time="0.001"/>
  <testcase name="testFindInEmptyTree" classname="student.BinarySearchTreeTest" time="0.001"/>
  <testcase name="testToStringMethod" classname="student.BinarySearchTreeTest" time="0.001"/>
  <testcase name="testFindExistingElement" classname="student.BinarySearchTreeTest" time="0.001"/>
</testsuite>