<?xml version="1.0" encoding="UTF-8"?>
<testsuite xmlns:xsi="http://www.w3.org/2001/XMLSchema-instance" xsi:noNamespaceSchemaLocation="https://maven.apache.org/surefire/maven-surefire-plugin/xsd/surefire-test-report-3.0.xsd" version="3.0" name="test.java.student.CoinbankTest" time="1.39" tests="17" errors="0" skipped="0" failures="0">
  <properties>
    <property name="java.specification.version" value="22"/>
    <property name="sun.cpu.isalist" value="amd64"/>
    <property name="sun.jnu.encoding" value="Cp1252"/>
    <property name="java.class.path" value="X:\CSC151\Projects\project01_coinbank\target\test-classes;X:\CSC151\Projects\project01_coinbank\target\classes;C:\Users\muham\.m2\repository\org\junit\jupiter\junit-jupiter-api\5.8.2\junit-jupiter-api-5.8.2.jar;C:\Users\muham\.m2\repository\org\opentest4j\opentest4j\1.2.0\opentest4j-1.2.0.jar;C:\Users\muham\.m2\repository\org\junit\platform\junit-platform-commons\1.8.2\junit-platform-commons-1.8.2.jar;C:\Users\muham\.m2\repository\org\apiguardian\apiguardian-api\1.1.2\apiguardian-api-1.1.2.jar;C:\Users\muham\.m2\repository\org\junit\jupiter\junit-jupiter-engine\5.8.2\junit-jupiter-engine-5.8.2.jar;C:\Users\muham\.m2\repository\org\junit\platform\junit-platform-engine\1.8.2\junit-platform-engine-1.8.2.jar;C:\Users\muham\.m2\repository\org\junit\jupiter\junit-jupiter-params\5.8.2\junit-jupiter-params-5.8.2.jar;"/>
    <property name="java.vm.vendor" value="Oracle Corporation"/>
    <property name="sun.arch.data.model" value="64"/>
    <property name="user.variant" value=""/>
    <property name="java.vendor.url" value="https://java.oracle.com/"/>
    <property name="user.timezone" value="Asia/Karachi"/>
    <property name="user.country.format" value="DE"/>
    <property name="os.name" value="Windows 11"/>
    <property name="java.vm.specification.version" value="22"/>
    <property name="sun.java.launcher" value="SUN_STANDARD"/>
    <property name="user.country" value="US"/>
    <property name="sun.boot.library.path" value="C:\Program Files\Java\jdk-22\bin"/>
    <property name="sun.java.command" value="C:\Users\muham\AppData\Local\Temp\surefire6798521002248412261\surefirebooter14570579220244855284.jar C:\Users\muham\AppData\Local\Temp\surefire6798521002248412261 2024-09-17T00-17-21_670-jvmRun1 surefire1435615326566544994tmp surefire_017995691051893787220tmp"/>
    <property name="jdk.debug" value="release"/>
    <property name="surefire.test.class.path" value="X:\CSC151\Projects\project01_coinbank\target\test-classes;X:\CSC151\Projects\project01_coinbank\target\classes;C:\Users\muham\.m2\repository\org\junit\jupiter\junit-jupiter-api\5.8.2\junit-jupiter-api-5.8.2.jar;C:\Users\muham\.m2\repository\org\opentest4j\opentest4j\1.2.0\opentest4j-1.2.0.jar;C:\Users\muham\.m2\repository\org\junit\platform\junit-platform-commons\1.8.2\junit-platform-commons-1.8.2.jar;C:\Users\muham\.m2\repository\org\apiguardian\apiguardian-api\1.1.2\apiguardian-api-1.1.2.jar;C:\Users\muham\.m2\repository\org\junit\jupiter\junit-jupiter-engine\5.8.2\junit-jupiter-engine-5.8.2.jar;C:\Users\muham\.m2\repository\org\junit\platform\junit-platform-engine\1.8.2\junit-platform-engine-1.8.2.jar;C:\Users\muham\.m2\repository\org\junit\jupiter\junit-jupiter-params\5.8.2\junit-jupiter-params-5.8.2.jar;"/>
    <property name="sun.cpu.endian" value="little"/>
    <property name="user.home" value="C:\Users\muham"/>
    <property name="user.language" value="en"/>
    <property name="java.specification.vendor" value="Oracle Corporation"/>
    <property name="java.version.date" value="2024-07-16"/>
    <property name="java.home" value="C:\Program Files\Java\jdk-22"/>
    <property name="file.separator" value="\"/>
    <property name="basedir" value="X:\CSC151\Projects\project01_coinbank"/>
    <property name="java.vm.compressedOopsMode" value="Zero based"/>
    <property name="line.separator" value="&#10;"/>
    <property name="java.vm.specification.vendor" value="Oracle Corporation"/>
    <property name="java.specification.name" value="Java Platform API Specification"/>
    <property name="surefire.real.class.path" value="C:\Users\muham\AppData\Local\Temp\surefire6798521002248412261\surefirebooter14570579220244855284.jar"/>
    <property name="user.script" value=""/>
    <property name="sun.management.compiler" value="HotSpot 64-Bit Tiered Compilers"/>
    <property name="java.runtime.version" value="22.0.2+9-70"/>
    <property name="user.name" value="muham"/>
    <property name="stdout.encoding" value="Cp1252"/>
    <property name="path.separator" value=";"/>
    <property name="os.version" value="10.0"/>
    <property name="java.runtime.name" value="Java(TM) SE Runtime Environment"/>
    <property name="file.encoding" value="UTF-8"/>
    <property name="java.vm.name" value="Java HotSpot(TM) 64-Bit Server VM"/>
    <property name="localRepository" value="C:\Users\muham\.m2\repository"/>
    <property name="java.vendor.url.bug" value="https://bugreport.java.com/bugreport/"/>
    <property name="java.io.tmpdir" value="C:\Users\muham\AppData\Local\Temp\"/>
    <property name="java.version" value="22.0.2"/>
    <property name="user.dir" value="X:\CSC151\Projects\project01_coinbank"/>
    <property name="os.arch" value="amd64"/>
    <property name="java.vm.specification.name" value="Java Virtual Machine Specification"/>
    <property name="sun.os.patch.level" value=""/>
    <property name="native.encoding" value="Cp1252"/>
    <property name="java.library.path" value="C:\Program Files\Java\jdk-22\bin;C:\Windows\Sun\Java\bin;C:\Windows\system32;C:\Windows;C:\Program Files\WindowsApps\Microsoft.PowerShell_7.4.5.0_x64__8wekyb3d8bbwe;C:\Program Files\Common Files\Oracle\Java\javapath;C:\Program Files (x86)\Common Files\Oracle\Java\java8path;C:\Program Files (x86)\Common Files\Oracle\Java\javapath;C:\Windows\system32;C:\Windows;C:\Windows\System32\Wbem;C:\Windows\System32\WindowsPowerShell\v1.0\;C:\Windows\System32\OpenSSH\;C:\Program Files\nodejs\;C:\Program Files\Git\cmd;C:\Program Files\Docker\Docker\resources\bin;C:\Program Files\Amazon\AWSSAMCLI\bin\;C:\ProgramData\chocolatey\bin;C:\Program Files\dotnet\;C:\Program Files\Amazon\AWSCLIV2\;C:\Program Files (x86)\Google\Cloud SDK\google-cloud-sdk\bin;C:\Users\muham\apache-maven-3.9.9\bin;C:\Program Files\Java\jdk-22\bin;C:\Users\muham\AppData\Local\Programs\Python\Python311\Scripts\;C:\Users\muham\AppData\Local\Programs\Python\Python311\;C:\Users\muham\AppData\Local\Microsoft\WindowsApps;C:\Users\muham\AppData\Roaming\npm;C:\Users\muham\AppData\Local\Programs\Microsoft VS Code\bin;C:\Users\muham\.dotnet\tools;C:\tools\dart-sdk\bin;C:\Users\muham\AppData\Local\Pub\Cache\bin;C:\Users\muham\apache-maven-3.9.9\bin;;."/>
    <property name="java.vm.info" value="mixed mode, sharing"/>
    <property name="stderr.encoding" value="Cp1252"/>
    <property name="java.vendor" value="Oracle Corporation"/>
    <property name="java.vm.version" value="22.0.2+9-70"/>
    <property name="sun.io.unicode.encoding" value="UnicodeLittle"/>
    <property name="java.class.version" value="66.0"/>
  </properties>
  <testcase name="testRemoveMoreThanAvailable" classname="test.java.student.CoinbankTest" time="0.021"/>
  <testcase name="testGetNickels" classname="test.java.student.CoinbankTest" time="0"/>
  <testcase name="testRemoveMaxIntCoins" classname="test.java.student.CoinbankTest" time="1.328"/>
  <testcase name="testSingleTypeOfCoins" classname="test.java.student.CoinbankTest" time="0"/>
  <testcase name="testRemoveInvalidCoin" classname="test.java.student.CoinbankTest" time="0"/>
  <testcase name="testToString" classname="test.java.student.CoinbankTest" time="0"/>
  <testcase name="testRemoveFromEmptyBank" classname="test.java.student.CoinbankTest" time="0"/>
  <testcase name="testInsertInvalidCoin" classname="test.java.student.CoinbankTest" time="0"/>
  <testcase name="testGetPennies" classname="test.java.student.CoinbankTest" time="0"/>
  <testcase name="testMultipleOperationsConsistency" classname="test.java.student.CoinbankTest" time="0"/>
  <testcase name="testRemoveJustEnough" classname="test.java.student.CoinbankTest" time="0"/>
  <testcase name="testInsertMultipleCoins" classname="test.java.student.CoinbankTest" time="0"/>
  <testcase name="testConstruct" classname="test.java.student.CoinbankTest" time="0"/>
  <testcase name="testRemoveNegativeAmount" classname="test.java.student.CoinbankTest" time="0"/>
  <testcase name="testGetInvalidCoin" classname="test.java.student.CoinbankTest" time="0"/>
  <testcase name="testInsertNickel" classname="test.java.student.CoinbankTest" time="0"/>
  <testcase name="testRemoveZeroCoins" classname="test.java.student.CoinbankTest" time="0"/>
</testsuite>